  sample.cpp
C:\okuno\Documents\GITHUB\c++\kouten-fiber-fiberbase\sample\sample.cpp(391,37): warning C4305: '初期化中': 'double' から 'GLfloat' へ切り詰めます。
C:\okuno\Documents\GITHUB\c++\kouten-fiber-fiberbase\sample\sample.cpp(399,40): warning C4305: '初期化中': 'double' から 'GLfloat' へ切り詰めます。
C:\okuno\Documents\GITHUB\c++\kouten-fiber-fiberbase\sample\sample.cpp(407,49): warning C4305: '初期化中': 'double' から 'GLfloat' へ切り詰めます。
C:\okuno\Documents\GITHUB\c++\kouten-fiber-fiberbase\sample\sample.cpp(437,26): warning C4244: '=': 'double' から 'GLfloat' への変換です。データが失われる可能性があります。
C:\okuno\Documents\GITHUB\c++\kouten-fiber-fiberbase\sample\sample.cpp(464,26): warning C4244: '=': 'double' から 'GLfloat' への変換です。データが失われる可能性があります。
C:\okuno\Documents\GITHUB\c++\kouten-fiber-fiberbase\sample\sample.cpp(492,30): warning C4244: '=': 'double' から 'GLfloat' への変換です。データが失われる可能性があります。
C:\okuno\Documents\GITHUB\c++\kouten-fiber-fiberbase\sample\sample.cpp(522,82): warning C4244: '引数': 'double' から 'GLfloat' への変換です。データが失われる可能性があります。
C:\okuno\Documents\GITHUB\c++\kouten-fiber-fiberbase\sample\sample.cpp(522,44): warning C4244: '引数': 'double' から 'GLfloat' への変換です。データが失われる可能性があります。
C:\okuno\Documents\GITHUB\c++\kouten-fiber-fiberbase\sample\sample.cpp(962,43): warning C4244: '=': 'lbfgsfloatval_t' から 'GLfloat' への変換です。データが失われる可能性があります。
C:\okuno\Documents\GITHUB\c++\kouten-fiber-fiberbase\sample\sample.cpp(963,43): warning C4244: '=': 'lbfgsfloatval_t' から 'GLfloat' への変換です。データが失われる可能性があります。
C:\okuno\Documents\GITHUB\c++\kouten-fiber-fiberbase\sample\sample.cpp(966,56): warning C4244: '=': 'lbfgsfloatval_t' から 'GLfloat' への変換です。データが失われる可能性があります。
C:\okuno\Documents\GITHUB\c++\kouten-fiber-fiberbase\sample\sample.cpp(967,56): warning C4244: '=': 'lbfgsfloatval_t' から 'GLfloat' への変換です。データが失われる可能性があります。
C:\okuno\Documents\GITHUB\c++\kouten-fiber-fiberbase\sample\sample.cpp(997,69): warning C4244: '=': 'double' から 'GLfloat' への変換です。データが失われる可能性があります。
C:\okuno\Documents\GITHUB\c++\kouten-fiber-fiberbase\sample\sample.cpp(999,69): warning C4244: '=': 'double' から 'GLfloat' への変換です。データが失われる可能性があります。
C:\okuno\Documents\GITHUB\c++\kouten-fiber-fiberbase\sample\sample.cpp(1010,43): warning C4244: '=': 'lbfgsfloatval_t' から 'GLfloat' への変換です。データが失われる可能性があります。
C:\okuno\Documents\GITHUB\c++\kouten-fiber-fiberbase\sample\sample.cpp(1012,43): warning C4244: '=': 'lbfgsfloatval_t' から 'GLfloat' への変換です。データが失われる可能性があります。
C:\okuno\Documents\GITHUB\c++\kouten-fiber-fiberbase\sample\sample.cpp(1014,56): warning C4244: '=': 'lbfgsfloatval_t' から 'GLfloat' への変換です。データが失われる可能性があります。
C:\okuno\Documents\GITHUB\c++\kouten-fiber-fiberbase\sample\sample.cpp(1016,56): warning C4244: '=': 'lbfgsfloatval_t' から 'GLfloat' への変換です。データが失われる可能性があります。
C:\okuno\Documents\GITHUB\c++\kouten-fiber-fiberbase\sample\sample.cpp(1046,69): warning C4244: '=': 'double' から 'GLfloat' への変換です。データが失われる可能性があります。
C:\okuno\Documents\GITHUB\c++\kouten-fiber-fiberbase\sample\sample.cpp(1047,69): warning C4244: '=': 'double' から 'GLfloat' への変換です。データが失われる可能性があります。
C:\okuno\Documents\GITHUB\c++\kouten-fiber-fiberbase\sample\sample.cpp(1063,41): warning C4244: '=': 'lbfgsfloatval_t' から 'GLfloat' への変換です。データが失われる可能性があります。
C:\okuno\Documents\GITHUB\c++\kouten-fiber-fiberbase\sample\sample.cpp(1064,41): warning C4244: '=': 'lbfgsfloatval_t' から 'GLfloat' への変換です。データが失われる可能性があります。
C:\okuno\Documents\GITHUB\c++\kouten-fiber-fiberbase\sample\sample.cpp(1073,41): warning C4244: '=': 'lbfgsfloatval_t' から 'GLfloat' への変換です。データが失われる可能性があります。
C:\okuno\Documents\GITHUB\c++\kouten-fiber-fiberbase\sample\sample.cpp(1075,41): warning C4244: '=': 'lbfgsfloatval_t' から 'GLfloat' への変換です。データが失われる可能性があります。
C:\okuno\Documents\GITHUB\c++\kouten-fiber-fiberbase\sample\sample.cpp(1083,54): warning C4244: '=': 'double' から 'GLfloat' への変換です。データが失われる可能性があります。
C:\okuno\Documents\GITHUB\c++\kouten-fiber-fiberbase\sample\sample.cpp(1084,54): warning C4244: '=': 'double' から 'GLfloat' への変換です。データが失われる可能性があります。
C:\okuno\Documents\GITHUB\c++\kouten-fiber-fiberbase\sample\sample.cpp(1087,66): warning C4244: '=': 'double' から 'GLfloat' への変換です。データが失われる可能性があります。
C:\okuno\Documents\GITHUB\c++\kouten-fiber-fiberbase\sample\sample.cpp(1088,66): warning C4244: '=': 'double' から 'GLfloat' への変換です。データが失われる可能性があります。
C:\okuno\Documents\GITHUB\c++\kouten-fiber-fiberbase\sample\sample.cpp(1123,79): warning C4244: '=': 'double' から 'GLfloat' への変換です。データが失われる可能性があります。
C:\okuno\Documents\GITHUB\c++\kouten-fiber-fiberbase\sample\sample.cpp(1125,79): warning C4244: '=': 'double' から 'GLfloat' への変換です。データが失われる可能性があります。
C:\okuno\Documents\GITHUB\c++\kouten-fiber-fiberbase\sample\sample.cpp(1138,54): warning C4244: '=': 'double' から 'GLfloat' への変換です。データが失われる可能性があります。
C:\okuno\Documents\GITHUB\c++\kouten-fiber-fiberbase\sample\sample.cpp(1140,54): warning C4244: '=': 'double' から 'GLfloat' への変換です。データが失われる可能性があります。
C:\okuno\Documents\GITHUB\c++\kouten-fiber-fiberbase\sample\sample.cpp(1142,65): warning C4244: '=': 'double' から 'GLfloat' への変換です。データが失われる可能性があります。
C:\okuno\Documents\GITHUB\c++\kouten-fiber-fiberbase\sample\sample.cpp(1144,66): warning C4244: '=': 'double' から 'GLfloat' への変換です。データが失われる可能性があります。
C:\okuno\Documents\GITHUB\c++\kouten-fiber-fiberbase\sample\sample.cpp(1179,79): warning C4244: '=': 'double' から 'GLfloat' への変換です。データが失われる可能性があります。
C:\okuno\Documents\GITHUB\c++\kouten-fiber-fiberbase\sample\sample.cpp(1180,79): warning C4244: '=': 'double' から 'GLfloat' への変換です。データが失われる可能性があります。
C:\okuno\Documents\GITHUB\c++\kouten-fiber-fiberbase\sample\sample.cpp(1196,52): warning C4244: '=': 'double' から 'GLfloat' への変換です。データが失われる可能性があります。
C:\okuno\Documents\GITHUB\c++\kouten-fiber-fiberbase\sample\sample.cpp(1197,52): warning C4244: '=': 'double' から 'GLfloat' への変換です。データが失われる可能性があります。
C:\okuno\Documents\GITHUB\c++\kouten-fiber-fiberbase\sample\sample.cpp(1207,52): warning C4244: '=': 'double' から 'GLfloat' への変換です。データが失われる可能性があります。
C:\okuno\Documents\GITHUB\c++\kouten-fiber-fiberbase\sample\sample.cpp(1209,52): warning C4244: '=': 'double' から 'GLfloat' への変換です。データが失われる可能性があります。
C:\okuno\Documents\GITHUB\c++\kouten-fiber-fiberbase\sample\sample.cpp(1221,62): warning C4244: '=': 'double' から 'GLfloat' への変換です。データが失われる可能性があります。
C:\okuno\Documents\GITHUB\c++\kouten-fiber-fiberbase\sample\sample.cpp(1222,62): warning C4244: '=': 'double' から 'GLfloat' への変換です。データが失われる可能性があります。
C:\okuno\Documents\GITHUB\c++\kouten-fiber-fiberbase\sample\sample.cpp(1239,89): warning C4244: '=': 'double' から 'GLfloat' への変換です。データが失われる可能性があります。
C:\okuno\Documents\GITHUB\c++\kouten-fiber-fiberbase\sample\sample.cpp(1241,89): warning C4244: '=': 'double' から 'GLfloat' への変換です。データが失われる可能性があります。
C:\okuno\Documents\GITHUB\c++\kouten-fiber-fiberbase\sample\sample.cpp(1258,62): warning C4244: '=': 'double' から 'GLfloat' への変換です。データが失われる可能性があります。
C:\okuno\Documents\GITHUB\c++\kouten-fiber-fiberbase\sample\sample.cpp(1260,62): warning C4244: '=': 'double' から 'GLfloat' への変換です。データが失われる可能性があります。
C:\okuno\Documents\GITHUB\c++\kouten-fiber-fiberbase\sample\sample.cpp(1278,89): warning C4244: '=': 'double' から 'GLfloat' への変換です。データが失われる可能性があります。
C:\okuno\Documents\GITHUB\c++\kouten-fiber-fiberbase\sample\sample.cpp(1279,89): warning C4244: '=': 'double' から 'GLfloat' への変換です。データが失われる可能性があります。
C:\okuno\Documents\GITHUB\c++\kouten-fiber-fiberbase\sample\sample.cpp(1291,24): warning C4244: '=': 'lbfgsfloatval_t' から 'GLfloat' への変換です。データが失われる可能性があります。
C:\okuno\Documents\GITHUB\c++\kouten-fiber-fiberbase\sample\sample.cpp(1292,20): warning C4244: '=': 'lbfgsfloatval_t' から 'GLfloat' への変換です。データが失われる可能性があります。
C:\okuno\Documents\GITHUB\c++\kouten-fiber-fiberbase\sample\sample.cpp(1293,23): warning C4244: '=': 'lbfgsfloatval_t' から 'GLfloat' への変換です。データが失われる可能性があります。
C:\okuno\Documents\GITHUB\c++\kouten-fiber-fiberbase\sample\sample.cpp(1308,28): warning C4244: '=': 'lbfgsfloatval_t' から 'GLfloat' への変換です。データが失われる可能性があります。
C:\okuno\Documents\GITHUB\c++\kouten-fiber-fiberbase\sample\sample.cpp(1309,24): warning C4244: '=': 'lbfgsfloatval_t' から 'GLfloat' への変換です。データが失われる可能性があります。
C:\okuno\Documents\GITHUB\c++\kouten-fiber-fiberbase\sample\sample.cpp(1310,24): warning C4244: '=': 'lbfgsfloatval_t' から 'GLfloat' への変換です。データが失われる可能性があります。
C:\okuno\Documents\GITHUB\c++\kouten-fiber-fiberbase\sample\sample.cpp(1322,20): warning C4244: '=': 'lbfgsfloatval_t' から 'GLfloat' への変換です。データが失われる可能性があります。
C:\okuno\Documents\GITHUB\c++\kouten-fiber-fiberbase\sample\sample.cpp(1323,24): warning C4244: '=': 'lbfgsfloatval_t' から 'GLfloat' への変換です。データが失われる可能性があります。
C:\okuno\Documents\GITHUB\c++\kouten-fiber-fiberbase\sample\sample.cpp(1324,23): warning C4244: '=': 'lbfgsfloatval_t' から 'GLfloat' への変換です。データが失われる可能性があります。
C:\okuno\Documents\GITHUB\c++\kouten-fiber-fiberbase\sample\sample.cpp(1337,24): warning C4244: '=': 'lbfgsfloatval_t' から 'GLfloat' への変換です。データが失われる可能性があります。
C:\okuno\Documents\GITHUB\c++\kouten-fiber-fiberbase\sample\sample.cpp(1338,28): warning C4244: '=': 'lbfgsfloatval_t' から 'GLfloat' への変換です。データが失われる可能性があります。
C:\okuno\Documents\GITHUB\c++\kouten-fiber-fiberbase\sample\sample.cpp(1339,24): warning C4244: '=': 'lbfgsfloatval_t' から 'GLfloat' への変換です。データが失われる可能性があります。
C:\okuno\Documents\GITHUB\c++\kouten-fiber-fiberbase\sample\sample.cpp(1409,24): warning C4244: '=': 'double' から 'GLfloat' への変換です。データが失われる可能性があります。
C:\okuno\Documents\GITHUB\c++\kouten-fiber-fiberbase\sample\sample.cpp(1410,25): warning C4244: '=': 'double' から 'GLfloat' への変換です。データが失われる可能性があります。
C:\okuno\Documents\GITHUB\c++\kouten-fiber-fiberbase\sample\sample.cpp(1412,34): warning C4244: '=': 'double' から 'GLfloat' への変換です。データが失われる可能性があります。
C:\okuno\Documents\GITHUB\c++\kouten-fiber-fiberbase\sample\sample.cpp(1413,34): warning C4244: '=': 'double' から 'GLfloat' への変換です。データが失われる可能性があります。
C:\okuno\Documents\GITHUB\c++\kouten-fiber-fiberbase\sample\sample.cpp(1465,23): warning C4244: '+=': 'double' から 'GLfloat' への変換です。データが失われる可能性があります。
C:\okuno\Documents\GITHUB\c++\kouten-fiber-fiberbase\sample\sample.cpp(1466,23): warning C4244: '+=': 'double' から 'GLfloat' への変換です。データが失われる可能性があります。
C:\okuno\Documents\GITHUB\c++\kouten-fiber-fiberbase\sample\sample.cpp(1475,23): warning C4244: '+=': 'double' から 'GLfloat' への変換です。データが失われる可能性があります。
C:\okuno\Documents\GITHUB\c++\kouten-fiber-fiberbase\sample\sample.cpp(1476,23): warning C4244: '+=': 'double' から 'GLfloat' への変換です。データが失われる可能性があります。
C:\okuno\Documents\GITHUB\c++\kouten-fiber-fiberbase\sample\sample.cpp(1486,35): warning C4305: '+=': 'double' から 'GLfloat' へ切り詰めます。
C:\okuno\Documents\GITHUB\c++\kouten-fiber-fiberbase\sample\sample.cpp(1487,35): warning C4305: '+=': 'double' から 'GLfloat' へ切り詰めます。
C:\okuno\Documents\GITHUB\c++\kouten-fiber-fiberbase\sample\sample.cpp(1496,35): warning C4305: '+=': 'double' から 'GLfloat' へ切り詰めます。
C:\okuno\Documents\GITHUB\c++\kouten-fiber-fiberbase\sample\sample.cpp(1497,35): warning C4305: '+=': 'double' から 'GLfloat' へ切り詰めます。
  sample.vcxproj -> C:\okuno\Documents\GITHUB\c++\kouten-fiber-fiberbase\x64\Debug\sample.exe
